<?xml version="1.0" encoding="UTF-8"?>
<testng-results ignored="0" total="0" passed="0" failed="0" skipped="0">
  <reporter-output>
  </reporter-output>
  <suite started-at="2023-07-16T01:14:31 BST" name="tagsSD.RunTagsTest" finished-at="2023-07-16T01:14:31 BST" duration-ms="32">
    <groups>
    </groups>
    <test started-at="2023-07-16T01:14:31 BST" name="Command line test" finished-at="2023-07-16T01:14:31 BST" duration-ms="32">
    </test> <!-- Command line test -->
  </suite> <!-- tagsSD.RunTagsTest -->
</testng-results>
